PRT1
248
483
4 0 2 (6144 7168 64 ) (6144 7168 2496 ) (6144 7680 2496 ) (6144 7680 64 ) 
4 0 1 (6144 7168 2496 ) (6144 7168 64 ) (6208 7168 64 ) (6208 7168 2496 ) 
4 1 6 (6208 6144 2496 ) (6144 6144 2496 ) (6144 6144 64 ) (6208 6144 64 ) 
4 1 4 (6144 6144 64 ) (6144 6144 2496 ) (6144 7168 2496 ) (6144 7168 64 ) 
4 2 4 (6144 7168 64 ) (6144 7168 2496 ) (5120 7168 2496 ) (5120 7168 64 ) 
4 2 3 (5120 7680 64 ) (5120 7168 64 ) (5120 7168 2496 ) (5120 7680 2496 ) 
4 3 19 (4096 7168 64 ) (4096 7168 2496 ) (4096 7680 2496 ) (4096 7680 64 ) 
4 3 5 (4096 7168 2496 ) (4096 7168 64 ) (5120 7168 64 ) (5120 7168 2496 ) 
4 4 9 (6144 6144 64 ) (6144 6144 2496 ) (5120 6144 2496 ) (5120 6144 64 ) 
4 4 5 (5120 7168 2496 ) (5120 7168 64 ) (5120 6144 64 ) (5120 6144 2496 ) 
4 5 21 (4096 6144 64 ) (4096 6144 2496 ) (4096 7168 2496 ) (4096 7168 64 ) 
4 5 10 (5120 6144 64 ) (5120 6144 2496 ) (4096 6144 2496 ) (4096 6144 64 ) 
4 6 9 (6144 6144 2496 ) (6144 6144 64 ) (6144 5120 64 ) (6144 5120 2496 ) 
4 6 7 (6208 5120 2496 ) (6144 5120 2496 ) (6144 5120 64 ) (6208 5120 64 ) 
4 7 13 (6144 4096 64 ) (6144 4096 2496 ) (6144 5120 2496 ) (6144 5120 64 ) 
4 7 8 (6144 4096 2496 ) (6144 4096 64 ) (6208 4096 64 ) (6208 4096 2496 ) 
4 8 43 (6208 3072 2496 ) (6144 3072 2496 ) (6144 3072 64 ) (6208 3072 64 ) 
4 8 16 (6144 3072 64 ) (6144 3072 2496 ) (6144 4096 2496 ) (6144 4096 64 ) 
4 9 13 (6144 5120 64 ) (6144 5120 2496 ) (5120 5120 2496 ) (5120 5120 64 ) 
4 9 11 (5120 5504 64 ) (5120 5120 64 ) (5120 5120 2496 ) (5120 5504 2496 ) 
4 9 10 (5120 6144 2496 ) (5120 6144 64 ) (5120 5504 64 ) (5120 5504 2496 ) 
4 10 27 (4096 5504 64 ) (4096 5504 2496 ) (4096 6144 2496 ) (4096 6144 64 ) 
4 10 11 (5120 5504 64 ) (5120 5504 2496 ) (4096 5504 2496 ) (4096 5504 64 ) 
4 11 28 (4096 5120 64 ) (4096 5120 2496 ) (4096 5504 2496 ) (4096 5504 64 ) 
4 11 14 (5120 5120 64 ) (5120 5120 2496 ) (4096 5120 2496 ) (4096 5120 64 ) 
4 11 12 (4480 5120 64 ) (4096 5120 64 ) (4096 5504 64 ) (4480 5504 64 ) 
4 12 28 (4096 5120 -2624 ) (4096 5120 64 ) (4096 5504 64 ) (4096 5504 -2624 ) 
4 12 15 (4480 5120 64 ) (4096 5120 64 ) (4096 5120 -2624 ) (4480 5120 -2624 ) 
4 13 16 (6144 4096 64 ) (6144 4096 2496 ) (5120 4096 2496 ) (5120 4096 64 ) 
4 13 14 (5120 4096 64 ) (5120 4096 2496 ) (5120 5120 2496 ) (5120 5120 64 ) 
4 14 31 (4096 4096 64 ) (4096 4096 2496 ) (4096 5120 2496 ) (4096 5120 64 ) 
4 14 17 (4096 4096 2496 ) (4096 4096 64 ) (5120 4096 64 ) (5120 4096 2496 ) 
4 14 15 (4480 4096 64 ) (4096 4096 64 ) (4096 5120 64 ) (4480 5120 64 ) 
4 15 31 (4096 4096 -2624 ) (4096 4096 64 ) (4096 5120 64 ) (4096 5120 -2624 ) 
4 15 18 (4096 4096 64 ) (4096 4096 -2624 ) (4480 4096 -2624 ) (4480 4096 64 ) 
4 16 46 (6144 3072 64 ) (6144 3072 2496 ) (5120 3072 2496 ) (5120 3072 64 ) 
4 16 17 (5120 4096 2496 ) (5120 4096 64 ) (5120 3072 64 ) (5120 3072 2496 ) 
4 17 47 (5120 3072 64 ) (5120 3072 2496 ) (4096 3072 2496 ) (4096 3072 64 ) 
4 17 33 (4096 3072 64 ) (4096 3072 2496 ) (4096 4096 2496 ) (4096 4096 64 ) 
4 17 18 (4480 3072 64 ) (4096 3072 64 ) (4096 4096 64 ) (4480 4096 64 ) 
4 18 48 (4480 3072 64 ) (4096 3072 64 ) (4096 3072 -2624 ) (4480 3072 -2624 ) 
4 18 33 (4096 3072 -2624 ) (4096 3072 64 ) (4096 4096 64 ) (4096 4096 -2624 ) 
4 19 21 (4096 7168 64 ) (4096 7168 2496 ) (3072 7168 2496 ) (3072 7168 64 ) 
4 19 20 (3072 7680 64 ) (3072 7168 64 ) (3072 7168 2496 ) (3072 7680 2496 ) 
4 20 23 (2048 7168 64 ) (2048 7168 2496 ) (2048 7680 2496 ) (2048 7680 64 ) 
4 20 22 (2048 7168 2496 ) (2048 7168 64 ) (3072 7168 64 ) (3072 7168 2496 ) 
4 21 27 (4096 6144 64 ) (4096 6144 2496 ) (3072 6144 2496 ) (3072 6144 64 ) 
4 21 22 (3072 7168 2496 ) (3072 7168 64 ) (3072 6144 64 ) (3072 6144 2496 ) 
4 22 29 (3072 6144 64 ) (3072 6144 2496 ) (2048 6144 2496 ) (2048 6144 64 ) 
4 22 25 (2048 6144 64 ) (2048 6144 2496 ) (2048 7168 2496 ) (2048 7168 64 ) 
4 23 25 (2048 7168 64 ) (2048 7168 2496 ) (1024 7168 2496 ) (1024 7168 64 ) 
4 23 24 (1024 7680 64 ) (1024 7168 64 ) (1024 7168 2496 ) (1024 7680 2496 ) 
4 24 94 (0 7168 64 ) (0 7168 2496 ) (0 7680 2496 ) (0 7680 64 ) 
4 24 26 (0 7168 2496 ) (0 7168 64 ) (1024 7168 64 ) (1024 7168 2496 ) 
4 25 35 (2048 6144 64 ) (2048 6144 2496 ) (1024 6144 2496 ) (1024 6144 64 ) 
4 25 26 (1024 7168 2496 ) (1024 7168 64 ) (1024 6144 64 ) (1024 6144 2496 ) 
4 26 96 (0 6144 64 ) (0 6144 2496 ) (0 7168 2496 ) (0 7168 64 ) 
4 26 37 (1024 6144 64 ) (1024 6144 2496 ) (0 6144 2496 ) (0 6144 64 ) 
4 27 29 (3072 6144 2496 ) (3072 6144 64 ) (3072 5504 64 ) (3072 5504 2496 ) 
4 27 28 (4096 5504 64 ) (4096 5504 2496 ) (3072 5504 2496 ) (3072 5504 64 ) 
4 28 31 (4096 5120 -2624 ) (4096 5120 2496 ) (3072 5120 2496 ) (3072 5120 -2624 ) 
4 28 30 (3072 5120 -2624 ) (3072 5120 2496 ) (3072 5504 2496 ) (3072 5504 -2624 ) 
4 29 35 (2048 6144 2496 ) (2048 6144 64 ) (2048 5504 64 ) (2048 5504 2496 ) 
4 29 30 (3072 5504 64 ) (3072 5504 2496 ) (2048 5504 2496 ) (2048 5504 64 ) 
4 30 36 (2048 5120 -2624 ) (2048 5120 2496 ) (2048 5504 2496 ) (2048 5504 -2624 ) 
4 30 32 (3072 5120 -2624 ) (3072 5120 2496 ) (2048 5120 2496 ) (2048 5120 -2624 ) 
4 31 33 (4096 4096 -2624 ) (4096 4096 2496 ) (3072 4096 2496 ) (3072 4096 -2624 ) 
4 31 32 (3072 4096 -2624 ) (3072 4096 2496 ) (3072 5120 2496 ) (3072 5120 -2624 ) 
4 32 39 (2048 4096 -2624 ) (2048 4096 2496 ) (2048 5120 2496 ) (2048 5120 -2624 ) 
4 32 34 (2048 4096 2496 ) (2048 4096 -2624 ) (3072 4096 -2624 ) (3072 4096 2496 ) 
4 33 66 (4096 3072 -2624 ) (4096 3072 2496 ) (3072 3072 2496 ) (3072 3072 -2624 ) 
4 33 34 (3072 4096 2496 ) (3072 4096 -2624 ) (3072 3072 -2624 ) (3072 3072 2496 ) 
4 34 67 (3072 3072 -2624 ) (3072 3072 2496 ) (2048 3072 2496 ) (2048 3072 -2624 ) 
4 34 41 (2048 3072 -2624 ) (2048 3072 2496 ) (2048 4096 2496 ) (2048 4096 -2624 ) 
4 35 37 (1024 6144 2496 ) (1024 6144 64 ) (1024 5504 64 ) (1024 5504 2496 ) 
4 35 36 (2048 5504 64 ) (2048 5504 2496 ) (1024 5504 2496 ) (1024 5504 64 ) 
4 36 39 (2048 5120 -2624 ) (2048 5120 2496 ) (1024 5120 2496 ) (1024 5120 -2624 ) 
4 36 38 (1024 5120 -2624 ) (1024 5120 2496 ) (1024 5504 2496 ) (1024 5504 -2624 ) 
4 37 102 (0 5504 64 ) (0 5504 2496 ) (0 6144 2496 ) (0 6144 64 ) 
4 37 38 (1024 5504 64 ) (1024 5504 2496 ) (0 5504 2496 ) (0 5504 64 ) 
4 38 103 (0 5120 -2624 ) (0 5120 64 ) (0 5504 64 ) (0 5504 -2624 ) 
4 38 102 (0 5120 64 ) (0 5120 2496 ) (0 5504 2496 ) (0 5504 64 ) 
4 38 40 (1024 5120 -2624 ) (1024 5120 2496 ) (0 5120 2496 ) (0 5120 -2624 ) 
4 39 41 (2048 4096 -2624 ) (2048 4096 2496 ) (1024 4096 2496 ) (1024 4096 -2624 ) 
4 39 40 (1024 4096 -2624 ) (1024 4096 2496 ) (1024 5120 2496 ) (1024 5120 -2624 ) 
4 40 106 (0 4096 -2624 ) (0 4096 64 ) (0 5120 64 ) (0 5120 -2624 ) 
4 40 105 (0 4096 64 ) (0 4096 2496 ) (0 5120 2496 ) (0 5120 64 ) 
4 40 42 (0 4096 2496 ) (0 4096 -2624 ) (1024 4096 -2624 ) (1024 4096 2496 ) 
4 41 72 (2048 3072 -2624 ) (2048 3072 2496 ) (1024 3072 2496 ) (1024 3072 -2624 ) 
4 41 42 (1024 4096 2496 ) (1024 4096 -2624 ) (1024 3072 -2624 ) (1024 3072 2496 ) 
4 42 109 (0 3072 -2624 ) (0 3072 64 ) (0 4096 64 ) (0 4096 -2624 ) 
4 42 108 (0 3072 64 ) (0 3072 2496 ) (0 4096 2496 ) (0 4096 64 ) 
4 42 73 (1024 3072 -2624 ) (1024 3072 2496 ) (0 3072 2496 ) (0 3072 -2624 ) 
4 43 46 (6144 3072 2496 ) (6144 3072 64 ) (6144 2048 64 ) (6144 2048 2496 ) 
4 43 44 (6208 2048 2496 ) (6144 2048 2496 ) (6144 2048 64 ) (6208 2048 64 ) 
4 44 49 (6144 1024 64 ) (6144 1024 2496 ) (6144 2048 2496 ) (6144 2048 64 ) 
4 44 45 (6144 1024 2496 ) (6144 1024 64 ) (6208 1024 64 ) (6208 1024 2496 ) 
4 45 55 (6208 0 2496 ) (6144 0 2496 ) (6144 0 64 ) (6208 0 64 ) 
4 45 52 (6144 0 64 ) (6144 0 2496 ) (6144 1024 2496 ) (6144 1024 64 ) 
4 46 49 (6144 2048 64 ) (6144 2048 2496 ) (5120 2048 2496 ) (5120 2048 64 ) 
4 46 47 (5120 3072 2496 ) (5120 3072 64 ) (5120 2048 64 ) (5120 2048 2496 ) 
4 47 66 (4096 3072 2496 ) (4096 3072 64 ) (4096 2048 64 ) (4096 2048 2496 ) 
4 47 50 (5120 2048 64 ) (5120 2048 2496 ) (4096 2048 2496 ) (4096 2048 64 ) 
4 47 48 (4480 2048 64 ) (4096 2048 64 ) (4096 3072 64 ) (4480 3072 64 ) 
4 48 66 (4096 3072 64 ) (4096 3072 -2624 ) (4096 2048 -2624 ) (4096 2048 64 ) 
4 48 51 (4480 2048 64 ) (4096 2048 64 ) (4096 2048 -2624 ) (4480 2048 -2624 ) 
4 49 52 (6144 1024 64 ) (6144 1024 2496 ) (5120 1024 2496 ) (5120 1024 64 ) 
4 49 50 (5120 1024 64 ) (5120 1024 2496 ) (5120 2048 2496 ) (5120 2048 64 ) 
4 50 68 (4096 1024 64 ) (4096 1024 2496 ) (4096 2048 2496 ) (4096 2048 64 ) 
4 50 53 (4096 1024 2496 ) (4096 1024 64 ) (5120 1024 64 ) (5120 1024 2496 ) 
4 50 51 (4480 1024 64 ) (4096 1024 64 ) (4096 2048 64 ) (4480 2048 64 ) 
4 51 68 (4096 1024 -2624 ) (4096 1024 64 ) (4096 2048 64 ) (4096 2048 -2624 ) 
4 51 54 (4096 1024 64 ) (4096 1024 -2624 ) (4480 1024 -2624 ) (4480 1024 64 ) 
4 52 57 (6144 0 64 ) (6144 0 2496 ) (5120 0 2496 ) (5120 0 64 ) 
4 52 53 (5120 1024 2496 ) (5120 1024 64 ) (5120 0 64 ) (5120 0 2496 ) 
4 53 70 (4096 0 64 ) (4096 0 2496 ) (4096 1024 2496 ) (4096 1024 64 ) 
4 53 58 (5120 0 64 ) (5120 0 2496 ) (4096 0 2496 ) (4096 0 64 ) 
4 53 54 (4480 0 64 ) (4096 0 64 ) (4096 1024 64 ) (4480 1024 64 ) 
4 54 70 (4096 0 -2624 ) (4096 0 64 ) (4096 1024 64 ) (4096 1024 -2624 ) 
4 54 59 (4480 0 64 ) (4096 0 64 ) (4096 0 -2624 ) (4480 0 -2624 ) 
4 55 57 (6144 -1024 64 ) (6144 -1024 2496 ) (6144 0 2496 ) (6144 0 64 ) 
4 55 56 (6208 -1024 2496 ) (6144 -1024 2496 ) (6144 -1024 64 ) (6208 -1024 64 ) 
4 56 63 (6208 -2048 2496 ) (6144 -2048 2496 ) (6144 -2048 64 ) (6208 -2048 64 ) 
4 56 61 (6144 -2048 64 ) (6144 -2048 2496 ) (6144 -1024 2496 ) (6144 -1024 64 ) 
4 57 61 (6144 -1024 64 ) (6144 -1024 2496 ) (5120 -1024 2496 ) (5120 -1024 64 ) 
4 57 60 (5120 -1024 64 ) (5120 -1024 2496 ) (5120 -192 2496 ) (5120 -192 64 ) 
4 57 58 (5120 -192 2496 ) (5120 0 2496 ) (5120 0 64 ) (5120 -192 64 ) 
4 58 78 (4096 -192 64 ) (4096 -192 2496 ) (4096 0 2496 ) (4096 0 64 ) 
4 58 60 (4096 -192 2496 ) (4096 -192 64 ) (5120 -192 64 ) (5120 -192 2496 ) 
4 58 59 (4480 -192 64 ) (4096 -192 64 ) (4096 0 64 ) (4480 0 64 ) 
4 59 78 (4096 -192 -2624 ) (4096 -192 64 ) (4096 0 64 ) (4096 0 -2624 ) 
4 60 79 (4096 -1024 64 ) (4096 -1024 2496 ) (4096 -192 2496 ) (4096 -192 64 ) 
4 60 62 (4096 -1024 2496 ) (4096 -1024 64 ) (5120 -1024 64 ) (5120 -1024 2496 ) 
4 61 64 (6144 -2048 64 ) (6144 -2048 2496 ) (5120 -2048 2496 ) (5120 -2048 64 ) 
4 61 62 (5120 -1024 2496 ) (5120 -1024 64 ) (5120 -2048 64 ) (5120 -2048 2496 ) 
4 62 82 (4096 -2048 64 ) (4096 -2048 2496 ) (4096 -1024 2496 ) (4096 -1024 64 ) 
4 62 65 (4096 -2048 2496 ) (4096 -2048 64 ) (5120 -2048 64 ) (5120 -2048 2496 ) 
4 63 64 (6144 -2048 2496 ) (6144 -2048 64 ) (6144 -2816 64 ) (6144 -2816 2496 ) 
4 64 65 (5120 -2048 2496 ) (5120 -2048 64 ) (5120 -2816 64 ) (5120 -2816 2496 ) 
4 65 90 (4096 -2816 2496 ) (4096 -2048 2496 ) (4096 -2048 64 ) (4096 -2816 64 ) 
4 66 68 (4096 2048 -2624 ) (4096 2048 2496 ) (3072 2048 2496 ) (3072 2048 -2624 ) 
4 66 67 (3072 3072 2496 ) (3072 3072 -2624 ) (3072 2048 -2624 ) (3072 2048 2496 ) 
4 67 72 (2048 3072 2496 ) (2048 3072 -2624 ) (2048 2048 -2624 ) (2048 2048 2496 ) 
4 67 69 (3072 2048 -2624 ) (3072 2048 2496 ) (2048 2048 2496 ) (2048 2048 -2624 ) 
4 68 70 (4096 1024 -2624 ) (4096 1024 2496 ) (3072 1024 2496 ) (3072 1024 -2624 ) 
4 68 69 (3072 1024 -2624 ) (3072 1024 2496 ) (3072 2048 2496 ) (3072 2048 -2624 ) 
4 69 74 (2048 1024 -2624 ) (2048 1024 2496 ) (2048 2048 2496 ) (2048 2048 -2624 ) 
4 69 71 (2048 1024 2496 ) (2048 1024 -2624 ) (3072 1024 -2624 ) (3072 1024 2496 ) 
4 70 78 (4096 0 -2624 ) (4096 0 2496 ) (3072 0 2496 ) (3072 0 -2624 ) 
4 70 71 (3072 1024 2496 ) (3072 1024 -2624 ) (3072 0 -2624 ) (3072 0 2496 ) 
4 71 80 (3072 0 -2624 ) (3072 0 2496 ) (2048 0 2496 ) (2048 0 -2624 ) 
4 71 76 (2048 0 -2624 ) (2048 0 2496 ) (2048 1024 2496 ) (2048 1024 -2624 ) 
4 72 74 (2048 2048 -2624 ) (2048 2048 2496 ) (1024 2048 2496 ) (1024 2048 -2624 ) 
4 72 73 (1024 3072 2496 ) (1024 3072 -2624 ) (1024 2048 -2624 ) (1024 2048 2496 ) 
4 73 155 (0 2048 -2624 ) (0 2048 64 ) (0 3072 64 ) (0 3072 -2624 ) 
4 73 154 (0 2048 64 ) (0 2048 2496 ) (0 3072 2496 ) (0 3072 64 ) 
4 73 75 (1024 2048 -2624 ) (1024 2048 2496 ) (0 2048 2496 ) (0 2048 -2624 ) 
4 74 76 (2048 1024 -2624 ) (2048 1024 2496 ) (1024 1024 2496 ) (1024 1024 -2624 ) 
4 74 75 (1024 1024 -2624 ) (1024 1024 2496 ) (1024 2048 2496 ) (1024 2048 -2624 ) 
4 75 158 (0 1024 -2624 ) (0 1024 64 ) (0 2048 64 ) (0 2048 -2624 ) 
4 75 157 (0 1024 64 ) (0 1024 2496 ) (0 2048 2496 ) (0 2048 64 ) 
4 75 77 (0 1024 2496 ) (0 1024 -2624 ) (1024 1024 -2624 ) (1024 1024 2496 ) 
4 76 84 (2048 0 -2624 ) (2048 0 2496 ) (1024 0 2496 ) (1024 0 -2624 ) 
4 76 77 (1024 1024 2496 ) (1024 1024 -2624 ) (1024 0 -2624 ) (1024 0 2496 ) 
4 77 161 (0 0 -2624 ) (0 0 64 ) (0 1024 64 ) (0 1024 -2624 ) 
4 77 160 (0 0 64 ) (0 0 2496 ) (0 1024 2496 ) (0 1024 64 ) 
4 77 86 (1024 0 -2624 ) (1024 0 2496 ) (0 0 2496 ) (0 0 -2624 ) 
4 78 80 (3072 -192 -2624 ) (3072 -192 2496 ) (3072 0 2496 ) (3072 0 -2624 ) 
4 78 79 (4096 -192 64 ) (4096 -192 2496 ) (3072 -192 2496 ) (3072 -192 64 ) 
4 79 82 (4096 -1024 64 ) (4096 -1024 2496 ) (3072 -1024 2496 ) (3072 -1024 64 ) 
4 79 81 (3072 -1024 64 ) (3072 -1024 2496 ) (3072 -192 2496 ) (3072 -192 64 ) 
4 80 84 (2048 -192 -2624 ) (2048 -192 2496 ) (2048 0 2496 ) (2048 0 -2624 ) 
4 80 81 (3072 -192 64 ) (3072 -192 2496 ) (2048 -192 2496 ) (2048 -192 64 ) 
4 81 85 (2048 -1024 64 ) (2048 -1024 2496 ) (2048 -192 2496 ) (2048 -192 64 ) 
4 81 83 (3072 -1024 64 ) (3072 -1024 2496 ) (2048 -1024 2496 ) (2048 -1024 64 ) 
4 82 90 (4096 -2048 64 ) (4096 -2048 2496 ) (3072 -2048 2496 ) (3072 -2048 64 ) 
4 82 83 (3072 -1024 2496 ) (3072 -1024 64 ) (3072 -2048 64 ) (3072 -2048 2496 ) 
4 83 91 (3072 -2048 64 ) (3072 -2048 2496 ) (2048 -2048 2496 ) (2048 -2048 64 ) 
4 83 88 (2048 -2048 64 ) (2048 -2048 2496 ) (2048 -1024 2496 ) (2048 -1024 64 ) 
4 84 86 (1024 -192 -2624 ) (1024 -192 2496 ) (1024 0 2496 ) (1024 0 -2624 ) 
4 84 85 (2048 -192 64 ) (2048 -192 2496 ) (1024 -192 2496 ) (1024 -192 64 ) 
4 85 88 (2048 -1024 64 ) (2048 -1024 2496 ) (1024 -1024 2496 ) (1024 -1024 64 ) 
4 85 87 (1024 -1024 64 ) (1024 -1024 2496 ) (1024 -192 2496 ) (1024 -192 64 ) 
4 86 175 (0 -192 -2624 ) (0 -192 64 ) (0 0 64 ) (0 0 -2624 ) 
4 86 174 (0 -192 64 ) (0 -192 2496 ) (0 0 2496 ) (0 0 64 ) 
4 86 87 (0 -192 2496 ) (0 -192 64 ) (1024 -192 64 ) (1024 -192 2496 ) 
4 87 176 (0 -1024 64 ) (0 -1024 2496 ) (0 -192 2496 ) (0 -192 64 ) 
4 87 89 (0 -1024 2496 ) (0 -1024 64 ) (1024 -1024 64 ) (1024 -1024 2496 ) 
4 88 92 (2048 -2048 64 ) (2048 -2048 2496 ) (1024 -2048 2496 ) (1024 -2048 64 ) 
4 88 89 (1024 -1024 2496 ) (1024 -1024 64 ) (1024 -2048 64 ) (1024 -2048 2496 ) 
4 89 179 (0 -2048 64 ) (0 -2048 2496 ) (0 -1024 2496 ) (0 -1024 64 ) 
4 89 93 (0 -2048 2496 ) (0 -2048 64 ) (1024 -2048 64 ) (1024 -2048 2496 ) 
4 90 91 (3072 -2048 2496 ) (3072 -2048 64 ) (3072 -2816 64 ) (3072 -2816 2496 ) 
4 91 92 (2048 -2048 2496 ) (2048 -2048 64 ) (2048 -2816 64 ) (2048 -2816 2496 ) 
4 92 93 (1024 -2048 2496 ) (1024 -2048 64 ) (1024 -2816 64 ) (1024 -2816 2496 ) 
4 93 188 (0 -2816 2496 ) (0 -2048 2496 ) (0 -2048 64 ) (0 -2816 64 ) 
4 94 96 (0 7168 64 ) (0 7168 2496 ) (-1024 7168 2496 ) (-1024 7168 64 ) 
4 94 95 (-1024 7680 64 ) (-1024 7168 64 ) (-1024 7168 2496 ) (-1024 7680 2496 ) 
4 95 98 (-2048 7168 64 ) (-2048 7168 2496 ) (-2048 7680 2496 ) (-2048 7680 64 ) 
4 95 97 (-2048 7168 2496 ) (-2048 7168 64 ) (-1024 7168 64 ) (-1024 7168 2496 ) 
4 96 102 (0 6144 64 ) (0 6144 2496 ) (-1024 6144 2496 ) (-1024 6144 64 ) 
4 96 97 (-1024 7168 2496 ) (-1024 7168 64 ) (-1024 6144 64 ) (-1024 6144 2496 ) 
4 97 104 (-1024 6144 64 ) (-1024 6144 2496 ) (-2048 6144 2496 ) (-2048 6144 64 ) 
4 97 100 (-2048 6144 64 ) (-2048 6144 2496 ) (-2048 7168 2496 ) (-2048 7168 64 ) 
4 98 100 (-2048 7168 64 ) (-2048 7168 2496 ) (-3072 7168 2496 ) (-3072 7168 64 ) 
4 98 99 (-3072 7680 64 ) (-3072 7168 64 ) (-3072 7168 2496 ) (-3072 7680 2496 ) 
4 99 122 (-4096 7168 64 ) (-4096 7168 2496 ) (-4096 7680 2496 ) (-4096 7680 64 ) 
4 99 101 (-4096 7168 2496 ) (-4096 7168 64 ) (-3072 7168 64 ) (-3072 7168 2496 ) 
4 100 112 (-2656 6144 2496 ) (-3072 6144 2496 ) (-3072 6144 64 ) (-2656 6144 64 ) 
4 100 111 (-2048 6144 64 ) (-2048 6144 2496 ) (-2656 6144 2496 ) (-2656 6144 64 ) 
4 100 101 (-3072 7168 2496 ) (-3072 7168 64 ) (-3072 6144 64 ) (-3072 6144 2496 ) 
4 101 124 (-4096 6144 64 ) (-4096 6144 2496 ) (-4096 7168 2496 ) (-4096 7168 64 ) 
4 101 114 (-3072 6144 64 ) (-3072 6144 2496 ) (-4096 6144 2496 ) (-4096 6144 64 ) 
4 102 105 (0 5120 64 ) (0 5120 2496 ) (-1024 5120 2496 ) (-1024 5120 64 ) 
4 102 104 (-1024 6144 2496 ) (-1024 6144 64 ) (-1024 5120 64 ) (-1024 5120 2496 ) 
4 102 103 (0 5120 64 ) (-576 5120 64 ) (-576 5504 64 ) (0 5504 64 ) 
4 103 106 (0 5120 -2624 ) (0 5120 64 ) (-576 5120 64 ) (-576 5120 -2624 ) 
4 104 111 (-2048 6144 2496 ) (-2048 6144 64 ) (-2048 5120 64 ) (-2048 5120 2496 ) 
4 104 107 (-1024 5120 64 ) (-1024 5120 2496 ) (-2048 5120 2496 ) (-2048 5120 64 ) 
4 105 108 (0 4096 64 ) (0 4096 2496 ) (-1024 4096 2496 ) (-1024 4096 64 ) 
4 105 107 (-1024 4096 64 ) (-1024 4096 2496 ) (-1024 5120 2496 ) (-1024 5120 64 ) 
4 105 106 (-576 5120 64 ) (0 5120 64 ) (0 4096 64 ) (-576 4096 64 ) 
4 106 109 (0 4096 -2624 ) (0 4096 64 ) (-576 4096 64 ) (-576 4096 -2624 ) 
4 107 116 (-2048 4096 64 ) (-2048 4096 2496 ) (-2048 5120 2496 ) (-2048 5120 64 ) 
4 107 110 (-2048 4096 2496 ) (-2048 4096 64 ) (-1024 4096 64 ) (-1024 4096 2496 ) 
4 108 154 (0 3072 64 ) (0 3072 2496 ) (-1024 3072 2496 ) (-1024 3072 64 ) 
4 108 110 (-1024 4096 2496 ) (-1024 4096 64 ) (-1024 3072 64 ) (-1024 3072 2496 ) 
4 108 109 (0 3072 64 ) (-576 3072 64 ) (-576 4096 64 ) (0 4096 64 ) 
4 109 155 (0 3072 -2624 ) (0 3072 64 ) (-576 3072 64 ) (-576 3072 -2624 ) 
4 110 156 (-1024 3072 64 ) (-1024 3072 2496 ) (-2048 3072 2496 ) (-2048 3072 64 ) 
4 110 119 (-2048 3072 64 ) (-2048 3072 2496 ) (-2048 4096 2496 ) (-2048 4096 64 ) 
4 111 116 (-2048 5120 64 ) (-2048 5120 2496 ) (-2656 5120 2496 ) (-2656 5120 64 ) 
4 111 113 (-2656 5120 64 ) (-2656 5120 2496 ) (-2656 5504 2496 ) (-2656 5504 64 ) 
4 111 112 (-2656 5504 2496 ) (-2656 6144 2496 ) (-2656 6144 64 ) (-2656 5504 64 ) 
4 112 114 (-3072 6144 2496 ) (-3072 6144 64 ) (-3072 5504 64 ) (-3072 5504 2496 ) 
4 112 113 (-3072 5504 2496 ) (-3072 5504 64 ) (-2656 5504 64 ) (-2656 5504 2496 ) 
4 113 117 (-2656 5120 -1864 ) (-2656 5120 2496 ) (-3072 5120 2496 ) (-3072 5120 -1864 ) 
4 113 115 (-3072 5120 -1864 ) (-3072 5120 2496 ) (-3072 5504 2496 ) (-3072 5504 -1864 ) 
4 114 128 (-4096 5504 64 ) (-4096 5504 2496 ) (-4096 6144 2496 ) (-4096 6144 64 ) 
4 114 115 (-3072 5504 64 ) (-3072 5504 2496 ) (-4096 5504 2496 ) (-4096 5504 64 ) 
4 115 129 (-4096 5120 -1864 ) (-4096 5120 2496 ) (-4096 5504 2496 ) (-4096 5504 -1864 ) 
4 115 118 (-3072 5120 -1864 ) (-3072 5120 2496 ) (-4096 5120 2496 ) (-4096 5120 -1864 ) 
4 116 119 (-2048 4096 64 ) (-2048 4096 2496 ) (-2656 4096 2496 ) (-2656 4096 64 ) 
4 116 117 (-2656 4096 64 ) (-2656 4096 2496 ) (-2656 5120 2496 ) (-2656 5120 64 ) 
4 117 120 (-3072 4096 64 ) (-3072 4096 -1864 ) (-2656 4096 -1864 ) (-2656 4096 64 ) 
4 117 119 (-3072 4096 2496 ) (-3072 4096 64 ) (-2656 4096 64 ) (-2656 4096 2496 ) 
4 117 118 (-3072 4096 -1864 ) (-3072 4096 2496 ) (-3072 5120 2496 ) (-3072 5120 -1864 ) 
4 118 133 (-4096 4096 -1864 ) (-4096 4096 2496 ) (-4096 5120 2496 ) (-4096 5120 -1864 ) 
4 118 121 (-4096 4096 2496 ) (-4096 4096 -1864 ) (-3072 4096 -1864 ) (-3072 4096 2496 ) 
4 119 163 (-2048 3072 64 ) (-2048 3072 2496 ) (-3072 3072 2496 ) (-3072 3072 64 ) 
4 119 121 (-3072 4096 2496 ) (-3072 4096 64 ) (-3072 3072 64 ) (-3072 3072 2496 ) 
4 119 120 (-3072 3072 64 ) (-3072 4096 64 ) (-2656 4096 64 ) (-2656 3072 64 ) 
4 120 164 (-2656 3072 64 ) (-3072 3072 64 ) (-3072 3072 -2624 ) (-2656 3072 -2624 ) 
4 120 121 (-3072 4096 64 ) (-3072 4096 -2624 ) (-3072 3072 -2624 ) (-3072 3072 64 ) 
4 121 165 (-3072 3072 -2624 ) (-3072 3072 2496 ) (-4096 3072 2496 ) (-4096 3072 -2624 ) 
4 121 136 (-4096 3072 -2624 ) (-4096 3072 2496 ) (-4096 4096 2496 ) (-4096 4096 -2624 ) 
4 122 124 (-4096 7168 64 ) (-4096 7168 2496 ) (-5120 7168 2496 ) (-5120 7168 64 ) 
4 122 123 (-5120 7680 64 ) (-5120 7168 64 ) (-5120 7168 2496 ) (-5120 7680 2496 ) 
4 123 126 (-6144 7168 64 ) (-6144 7168 2496 ) (-6144 7680 2496 ) (-6144 7680 64 ) 
4 123 125 (-6144 7168 2496 ) (-6144 7168 64 ) (-5120 7168 64 ) (-5120 7168 2496 ) 
4 124 128 (-4096 6144 64 ) (-4096 6144 2496 ) (-5120 6144 2496 ) (-5120 6144 64 ) 
4 124 125 (-5120 7168 2496 ) (-5120 7168 64 ) (-5120 6144 64 ) (-5120 6144 2496 ) 
4 125 130 (-5120 6144 64 ) (-5120 6144 2496 ) (-6144 6144 2496 ) (-6144 6144 64 ) 
4 125 127 (-6144 6144 64 ) (-6144 6144 2496 ) (-6144 7168 2496 ) (-6144 7168 64 ) 
4 126 127 (-6144 7168 64 ) (-6144 7168 2496 ) (-7168 7168 2496 ) (-7168 7168 64 ) 
4 127 139 (-6144 6144 64 ) (-6144 6144 2496 ) (-7168 6144 2496 ) (-7168 6144 64 ) 
4 128 130 (-5120 6144 2496 ) (-5120 6144 64 ) (-5120 5504 64 ) (-5120 5504 2496 ) 
4 128 129 (-4096 5504 64 ) (-4096 5504 2496 ) (-5120 5504 2496 ) (-5120 5504 64 ) 
4 129 133 (-4096 5120 -1864 ) (-4096 5120 2496 ) (-5120 5120 2496 ) (-5120 5120 -1864 ) 
4 129 131 (-5120 5120 -1864 ) (-5120 5120 2496 ) (-5120 5504 2496 ) (-5120 5504 -1864 ) 
4 130 139 (-6144 6144 2496 ) (-6144 6144 64 ) (-6144 5504 64 ) (-6144 5504 2496 ) 
4 130 132 (-6080 5504 2496 ) (-6144 5504 2496 ) (-6144 5504 64 ) (-6080 5504 64 ) 
4 130 131 (-5120 5504 64 ) (-5120 5504 2496 ) (-6080 5504 2496 ) (-6080 5504 64 ) 
4 131 134 (-5120 5120 -1864 ) (-5120 5120 2496 ) (-6080 5120 2496 ) (-6080 5120 -1864 ) 
4 131 132 (-6080 5504 2496 ) (-6080 5504 64 ) (-6080 5120 64 ) (-6080 5120 2496 ) 
4 132 140 (-6144 5120 64 ) (-6144 5120 2496 ) (-6144 5504 2496 ) (-6144 5504 64 ) 
4 132 135 (-6080 5120 64 ) (-6080 5120 2496 ) (-6144 5120 2496 ) (-6144 5120 64 ) 
4 133 136 (-4096 4096 -1864 ) (-4096 4096 2496 ) (-5120 4096 2496 ) (-5120 4096 -1864 ) 
4 133 134 (-5120 4096 -1864 ) (-5120 4096 2496 ) (-5120 5120 2496 ) (-5120 5120 -1864 ) 
4 134 137 (-5120 4096 -1864 ) (-5120 4096 2496 ) (-6080 4096 2496 ) (-6080 4096 -1864 ) 
4 134 135 (-6080 5120 2496 ) (-6080 5120 64 ) (-6080 4096 64 ) (-6080 4096 2496 ) 
4 135 141 (-6144 4096 64 ) (-6144 4096 2496 ) (-6144 5120 2496 ) (-6144 5120 64 ) 
4 135 138 (-6144 4096 2496 ) (-6144 4096 64 ) (-6080 4096 64 ) (-6080 4096 2496 ) 
4 136 192 (-4096 3072 -2624 ) (-4096 3072 2496 ) (-5120 3072 2496 ) (-5120 3072 -2624 ) 
4 136 137 (-5120 4096 2496 ) (-5120 4096 -2624 ) (-5120 3072 -2624 ) (-5120 3072 2496 ) 
4 137 193 (-5120 3072 -2624 ) (-5120 3072 2496 ) (-6080 3072 2496 ) (-6080 3072 -2624 ) 
4 137 138 (-6080 3072 64 ) (-6080 3072 2496 ) (-6080 4096 2496 ) (-6080 4096 64 ) 
4 138 194 (-6080 3072 64 ) (-6080 3072 2496 ) (-6144 3072 2496 ) (-6144 3072 64 ) 
4 138 142 (-6144 3072 64 ) (-6144 3072 2496 ) (-6144 4096 2496 ) (-6144 4096 64 ) 
4 139 140 (-6144 5504 64 ) (-6144 5504 2496 ) (-7168 5504 2496 ) (-7168 5504 64 ) 
4 140 141 (-6144 5120 64 ) (-6144 5120 2496 ) (-7168 5120 2496 ) (-7168 5120 64 ) 
4 141 143 (-6752 4096 2496 ) (-7168 4096 2496 ) (-7168 4096 64 ) (-6752 4096 64 ) 
4 141 142 (-6144 4096 64 ) (-6144 4096 2496 ) (-6752 4096 2496 ) (-6752 4096 64 ) 
4 142 205 (-6144 3072 64 ) (-6144 3072 2496 ) (-6752 3072 2496 ) (-6752 3072 64 ) 
4 142 146 (-6752 3392 64 ) (-6752 3072 64 ) (-6752 3072 2496 ) (-6752 3392 2496 ) 
4 142 144 (-6752 3584 64 ) (-6752 3392 64 ) (-6752 3392 2496 ) (-6752 3584 2496 ) 
4 142 143 (-6752 4096 2496 ) (-6752 4096 64 ) (-6752 3584 64 ) (-6752 3584 2496 ) 
4 143 144 (-6752 3584 64 ) (-6752 3584 2496 ) (-7168 3584 2496 ) (-7168 3584 64 ) 
4 144 149 (-6976 3392 2496 ) (-7168 3392 2496 ) (-7168 3392 64 ) (-6976 3392 64 ) 
4 144 146 (-6752 3392 64 ) (-6752 3392 2496 ) (-6976 3392 2496 ) (-6976 3392 64 ) 
4 145 152 (-7168 3392 -334.666443 ) (-7168 3392 -292 ) (-7168 3584 -292 ) (-7168 3584 -334.666443 ) 
4 145 150 (-7168 3392 -292 ) (-7168 3392 -127.609497 ) (-7168 3584 -127.609497 ) (-7168 3584 -292 ) 
5 145 147 (-6752 3392 -480 ) (-6752 3392 -352 ) (-6976 3392 -352 ) (-6976 3392 -462.666626 ) (-6950 3392 -480 ) 
4 146 206 (-6752 3072 64 ) (-6752 3072 2496 ) (-6976 3072 2496 ) (-6976 3072 64 ) 
4 146 149 (-6976 3392 2496 ) (-6976 3392 64 ) (-6976 3072 64 ) (-6976 3072 2496 ) 
4 147 207 (-6752 3072 -480 ) (-6752 3072 -352 ) (-6976 3072 -352 ) (-6976 3072 -480 ) 
4 147 148 (-6976 3072 -480 ) (-6976 3200 -480 ) (-6752 3200 -480 ) (-6752 3072 -480 ) 
4 148 207 (-6752 3072 -518.400146 ) (-6752 3072 -480 ) (-6976 3072 -480 ) (-6976 3072 -518.400146 ) 
4 149 206 (-6976 3072 64 ) (-6976 3072 2496 ) (-7168 3072 2496 ) (-7168 3072 64 ) 
4 150 152 (-7168 3392 -292 ) (-7232 3392 -292 ) (-7232 3584 -292 ) (-7168 3584 -292 ) 
4 150 151 (-7248 3584 -292 ) (-7248 3392 -292 ) (-7248 3392 -94 ) (-7248 3584 -94 ) 
4 151 153 (-7440 3392 -46.208794 ) (-7440 3392 -292 ) (-7248 3392 -292 ) (-7248 3392 -46.208786 ) 
4 153 218 (-7248 3072 -140 ) (-7248 3072 29.797348 ) (-7440 3072 29.797363 ) (-7440 3072 -140 ) 
4 154 157 (0 2048 64 ) (0 2048 2496 ) (-1024 2048 2496 ) (-1024 2048 64 ) 
4 154 156 (-1024 3072 2496 ) (-1024 3072 64 ) (-1024 2048 64 ) (-1024 2048 2496 ) 
4 154 155 (-576 3072 64 ) (0 3072 64 ) (0 2048 64 ) (-576 2048 64 ) 
4 155 158 (0 2048 -2624 ) (0 2048 64 ) (-576 2048 64 ) (-576 2048 -2624 ) 
4 156 163 (-2048 3072 2496 ) (-2048 3072 64 ) (-2048 2048 64 ) (-2048 2048 2496 ) 
4 156 159 (-1024 2048 64 ) (-1024 2048 2496 ) (-2048 2048 2496 ) (-2048 2048 64 ) 
4 157 160 (0 1024 64 ) (0 1024 2496 ) (-1024 1024 2496 ) (-1024 1024 64 ) 
4 157 159 (-1024 1024 64 ) (-1024 1024 2496 ) (-1024 2048 2496 ) (-1024 2048 64 ) 
4 157 158 (-576 2048 64 ) (0 2048 64 ) (0 1024 64 ) (-576 1024 64 ) 
4 158 161 (0 1024 -2624 ) (0 1024 64 ) (-576 1024 64 ) (-576 1024 -2624 ) 
4 159 166 (-2048 1024 64 ) (-2048 1024 2496 ) (-2048 2048 2496 ) (-2048 2048 64 ) 
4 159 162 (-2048 1024 2496 ) (-2048 1024 64 ) (-1024 1024 64 ) (-1024 1024 2496 ) 
4 160 174 (0 0 64 ) (0 0 2496 ) (-1024 0 2496 ) (-1024 0 64 ) 
4 160 162 (-1024 1024 2496 ) (-1024 1024 64 ) (-1024 0 64 ) (-1024 0 2496 ) 
4 160 161 (0 0 64 ) (-576 0 64 ) (-576 1024 64 ) (0 1024 64 ) 
4 161 175 (0 0 -2624 ) (0 0 64 ) (-576 0 64 ) (-576 0 -2624 ) 
4 162 177 (-1024 0 64 ) (-1024 0 2496 ) (-2048 0 2496 ) (-2048 0 64 ) 
4 162 171 (-2048 0 64 ) (-2048 0 2496 ) (-2048 1024 2496 ) (-2048 1024 64 ) 
4 163 167 (-2656 2048 2496 ) (-3072 2048 2496 ) (-3072 2048 64 ) (-2656 2048 64 ) 
4 163 166 (-2048 2048 64 ) (-2048 2048 2496 ) (-2656 2048 2496 ) (-2656 2048 64 ) 
4 163 165 (-3072 3072 2496 ) (-3072 3072 64 ) (-3072 2048 64 ) (-3072 2048 2496 ) 
4 163 164 (-3072 2048 64 ) (-3072 3072 64 ) (-2656 3072 64 ) (-2656 2048 64 ) 
4 164 167 (-2656 2048 64 ) (-3072 2048 64 ) (-3072 2048 -2624 ) (-2656 2048 -2624 ) 
4 164 165 (-3072 3072 64 ) (-3072 3072 -2624 ) (-3072 2048 -2624 ) (-3072 2048 64 ) 
4 165 192 (-4096 3072 2496 ) (-4096 3072 -2624 ) (-4096 2048 -2624 ) (-4096 2048 2496 ) 
4 165 170 (-3072 2048 -2624 ) (-3072 2048 -1864 ) (-4096 2048 -1864 ) (-4096 2048 -2624 ) 
4 165 169 (-3072 2048 -1864 ) (-3072 2048 2496 ) (-4096 2048 2496 ) (-4096 2048 -1864 ) 
4 166 171 (-2048 1024 64 ) (-2048 1024 2496 ) (-2656 1024 2496 ) (-2656 1024 64 ) 
4 166 168 (-2656 1024 64 ) (-2656 1024 2496 ) (-2656 1216 2496 ) (-2656 1216 64 ) 
4 166 167 (-2656 1216 2496 ) (-2656 2048 2496 ) (-2656 2048 64 ) (-2656 1216 64 ) 
4 167 170 (-3072 2048 -1864 ) (-3072 2048 -2624 ) (-3072 1216 -2624 ) (-3072 1216 -1864 ) 
4 167 169 (-3072 1216 2496 ) (-3072 2048 2496 ) (-3072 2048 -1864 ) (-3072 1216 -1864 ) 
4 167 168 (-2656 1216 -1864 ) (-2656 1216 2496 ) (-3072 1216 2496 ) (-3072 1216 -1864 ) 
4 168 172 (-3072 1024 2496 ) (-3072 1024 -1864 ) (-2656 1024 -1864 ) (-2656 1024 2496 ) 
4 168 169 (-3072 1024 -1864 ) (-3072 1024 2496 ) (-3072 1216 2496 ) (-3072 1216 -1864 ) 
4 169 195 (-4096 1024 -1864 ) (-4096 1024 2496 ) (-4096 2048 2496 ) (-4096 2048 -1864 ) 
4 169 173 (-4096 1024 2496 ) (-4096 1024 -1864 ) (-3072 1024 -1864 ) (-3072 1024 2496 ) 
4 169 170 (-4096 1216 -1864 ) (-4096 2048 -1864 ) (-3072 2048 -1864 ) (-3072 1216 -1864 ) 
4 170 196 (-4096 1216 -1864 ) (-4096 2048 -1864 ) (-4096 2048 -2624 ) (-4096 1216 -2624 ) 
4 171 181 (-2048 0 64 ) (-2048 0 2496 ) (-2656 0 2496 ) (-2656 0 64 ) 
4 171 172 (-2656 1024 2496 ) (-2656 1024 64 ) (-2656 0 64 ) (-2656 0 2496 ) 
4 172 182 (-3072 0 2496 ) (-3072 0 -1864 ) (-2656 0 -1864 ) (-2656 0 2496 ) 
4 172 173 (-3072 1024 2496 ) (-3072 1024 -1864 ) (-3072 0 -1864 ) (-3072 0 2496 ) 
4 173 201 (-4096 0 -1864 ) (-4096 0 2496 ) (-4096 1024 2496 ) (-4096 1024 -1864 ) 
4 173 184 (-3072 0 -1864 ) (-3072 0 2496 ) (-4096 0 2496 ) (-4096 0 -1864 ) 
4 174 177 (-1024 -192 64 ) (-1024 -192 2496 ) (-1024 0 2496 ) (-1024 0 64 ) 
4 174 176 (0 -192 64 ) (0 -192 2496 ) (-1024 -192 2496 ) (-1024 -192 64 ) 
4 174 175 (0 -192 64 ) (-576 -192 64 ) (-576 0 64 ) (0 0 64 ) 
4 176 179 (0 -1024 64 ) (0 -1024 2496 ) (-1024 -1024 2496 ) (-1024 -1024 64 ) 
4 176 178 (-1024 -1024 64 ) (-1024 -1024 2496 ) (-1024 -192 2496 ) (-1024 -192 64 ) 
4 177 181 (-2048 -192 64 ) (-2048 -192 2496 ) (-2048 0 2496 ) (-2048 0 64 ) 
4 177 178 (-1024 -192 64 ) (-1024 -192 2496 ) (-2048 -192 2496 ) (-2048 -192 64 ) 
4 178 183 (-2048 -1024 64 ) (-2048 -1024 2496 ) (-2048 -192 2496 ) (-2048 -192 64 ) 
4 178 180 (-1024 -1024 64 ) (-1024 -1024 2496 ) (-2048 -1024 2496 ) (-2048 -1024 64 ) 
4 179 188 (0 -2048 64 ) (0 -2048 2496 ) (-1024 -2048 2496 ) (-1024 -2048 64 ) 
4 179 180 (-1024 -1024 2496 ) (-1024 -1024 64 ) (-1024 -2048 64 ) (-1024 -2048 2496 ) 
4 180 189 (-1024 -2048 64 ) (-1024 -2048 2496 ) (-2048 -2048 2496 ) (-2048 -2048 64 ) 
4 180 186 (-2048 -2048 64 ) (-2048 -2048 2496 ) (-2048 -1024 2496 ) (-2048 -1024 64 ) 
4 181 183 (-2048 -192 64 ) (-2048 -192 2496 ) (-2656 -192 2496 ) (-2656 -192 64 ) 
4 181 182 (-2656 0 2496 ) (-2656 0 64 ) (-2656 -192 64 ) (-2656 -192 2496 ) 
4 182 184 (-3072 -192 -1864 ) (-3072 -192 2496 ) (-3072 0 2496 ) (-3072 0 -1864 ) 
4 182 183 (-3072 -192 2496 ) (-3072 -192 64 ) (-2656 -192 64 ) (-2656 -192 2496 ) 
4 183 186 (-2048 -1024 64 ) (-2048 -1024 2496 ) (-3072 -1024 2496 ) (-3072 -1024 64 ) 
4 183 185 (-3072 -1024 64 ) (-3072 -1024 2496 ) (-3072 -192 2496 ) (-3072 -192 64 ) 
4 184 235 (-4096 -192 -1864 ) (-4096 -192 2496 ) (-4096 0 2496 ) (-4096 0 -1864 ) 
4 184 185 (-4096 -192 2496 ) (-4096 -192 64 ) (-3072 -192 64 ) (-3072 -192 2496 ) 
4 185 236 (-4096 -1024 64 ) (-4096 -1024 2496 ) (-4096 -192 2496 ) (-4096 -192 64 ) 
4 185 187 (-4096 -1024 2496 ) (-4096 -1024 64 ) (-3072 -1024 64 ) (-3072 -1024 2496 ) 
4 186 190 (-2048 -2048 64 ) (-2048 -2048 2496 ) (-3072 -2048 2496 ) (-3072 -2048 64 ) 
4 186 187 (-3072 -1024 2496 ) (-3072 -1024 64 ) (-3072 -2048 64 ) (-3072 -2048 2496 ) 
4 187 240 (-4096 -2048 64 ) (-4096 -2048 2496 ) (-4096 -1024 2496 ) (-4096 -1024 64 ) 
4 187 191 (-4096 -2048 2496 ) (-4096 -2048 64 ) (-3072 -2048 64 ) (-3072 -2048 2496 ) 
4 188 189 (-1024 -2048 2496 ) (-1024 -2048 64 ) (-1024 -2816 64 ) (-1024 -2816 2496 ) 
4 189 190 (-2048 -2048 2496 ) (-2048 -2048 64 ) (-2048 -2816 64 ) (-2048 -2816 2496 ) 
4 190 191 (-3072 -2048 2496 ) (-3072 -2048 64 ) (-3072 -2816 64 ) (-3072 -2816 2496 ) 
4 191 242 (-4096 -2816 2496 ) (-4096 -2048 2496 ) (-4096 -2048 64 ) (-4096 -2816 64 ) 
4 192 196 (-4096 2048 -2624 ) (-4096 2048 -1864 ) (-5120 2048 -1864 ) (-5120 2048 -2624 ) 
4 192 195 (-4096 2048 -1864 ) (-4096 2048 2496 ) (-5120 2048 2496 ) (-5120 2048 -1864 ) 
4 192 193 (-5120 3072 2496 ) (-5120 3072 -2624 ) (-5120 2048 -2624 ) (-5120 2048 2496 ) 
4 193 197 (-5120 2048 -2624 ) (-5120 2048 2496 ) (-6080 2048 2496 ) (-6080 2048 -2624 ) 
4 193 194 (-6080 2048 64 ) (-6080 2048 2496 ) (-6080 3072 2496 ) (-6080 3072 64 ) 
4 194 205 (-6144 3072 2496 ) (-6144 3072 64 ) (-6144 2048 64 ) (-6144 2048 2496 ) 
4 194 199 (-6080 2048 64 ) (-6080 2048 2496 ) (-6144 2048 2496 ) (-6144 2048 64 ) 
4 195 201 (-4096 1024 -1864 ) (-4096 1024 2496 ) (-5120 1024 2496 ) (-5120 1024 -1864 ) 
4 195 198 (-5120 1024 -1864 ) (-5120 1024 2496 ) (-5120 1216 2496 ) (-5120 1216 -1864 ) 
4 195 197 (-5120 1216 2496 ) (-5120 2048 2496 ) (-5120 2048 -1864 ) (-5120 1216 -1864 ) 
4 195 196 (-5120 1216 -1864 ) (-5120 2048 -1864 ) (-4096 2048 -1864 ) (-4096 1216 -1864 ) 
4 196 197 (-5120 1216 -1864 ) (-5120 2048 -1864 ) (-5120 2048 -2624 ) (-5120 1216 -2624 ) 
4 197 199 (-6080 2048 2496 ) (-6080 2048 64 ) (-6080 1216 64 ) (-6080 1216 2496 ) 
4 197 198 (-5120 1216 -1864 ) (-5120 1216 2496 ) (-6080 1216 2496 ) (-6080 1216 -1864 ) 
4 198 202 (-5120 1024 -1864 ) (-5120 1024 2496 ) (-6080 1024 2496 ) (-6080 1024 -1864 ) 
4 198 200 (-6080 1024 -1864 ) (-6080 1024 -1728 ) (-6080 1152 -1728 ) (-6080 1152 -1864 ) 
4 198 199 (-6080 1024 64 ) (-6080 1024 2496 ) (-6080 1216 2496 ) (-6080 1216 64 ) 
4 199 221 (-6144 1024 64 ) (-6144 1024 2496 ) (-6144 1152 2496 ) (-6144 1152 64 ) 
4 199 220 (-6144 1152 2496 ) (-6144 2048 2496 ) (-6144 2048 64 ) (-6144 1152 64 ) 
4 199 203 (-6144 1024 2496 ) (-6144 1024 64 ) (-6080 1024 64 ) (-6080 1024 2496 ) 
4 200 222 (-6144 1024 -1864 ) (-6144 1024 -1728 ) (-6144 1152 -1728 ) (-6144 1152 -1864 ) 
4 200 204 (-6144 1024 -1728 ) (-6144 1024 -1864 ) (-6080 1024 -1864 ) (-6080 1024 -1728 ) 
4 201 235 (-4096 0 -1864 ) (-4096 0 2496 ) (-5120 0 2496 ) (-5120 0 -1864 ) 
4 201 202 (-5120 1024 2496 ) (-5120 1024 -1864 ) (-5120 0 -1864 ) (-5120 0 2496 ) 
4 202 237 (-5120 0 -1864 ) (-5120 0 2496 ) (-6080 0 2496 ) (-6080 0 -1864 ) 
4 202 204 (-6080 960 -1728 ) (-6080 1024 -1728 ) (-6080 1024 -1864 ) (-6080 960 -1864 ) 
4 202 203 (-6080 0 64 ) (-6080 0 2496 ) (-6080 1024 2496 ) (-6080 1024 64 ) 
4 203 238 (-6080 0 64 ) (-6080 0 2496 ) (-6144 0 2496 ) (-6144 0 64 ) 
4 203 234 (-6144 0 64 ) (-6144 0 2496 ) (-6144 960 2496 ) (-6144 960 64 ) 
4 203 229 (-6144 960 2496 ) (-6144 1024 2496 ) (-6144 1024 64 ) (-6144 960 64 ) 
4 204 230 (-6144 960 -1728 ) (-6144 1024 -1728 ) (-6144 1024 -1864 ) (-6144 960 -1864 ) 
4 205 220 (-6144 2048 64 ) (-6144 2048 2496 ) (-6752 2048 2496 ) (-6752 2048 64 ) 
4 205 215 (-6752 2048 64 ) (-6752 2048 192 ) (-6752 2336 192 ) (-6752 2336 64 ) 
4 205 212 (-6752 2432 192 ) (-6752 2912 192 ) (-6752 2912 64 ) (-6752 2432 64 ) 
4 205 209 (-6752 2048 192 ) (-6752 2048 208 ) (-6752 2336 208 ) (-6752 2336 192 ) 
4 205 208 (-6752 2048 208 ) (-6752 2048 2496 ) (-6752 3008 2496 ) (-6752 3008 208 ) 
4 205 206 (-6752 3008 2496 ) (-6752 3072 2496 ) (-6752 3072 64 ) (-6752 3008 64 ) 
4 206 208 (-7168 3008 2496 ) (-7168 3008 208 ) (-6752 3008 208 ) (-6752 3008 2496 ) 
4 207 210 (-6752 3008 -537.600098 ) (-6752 3008 -352 ) (-6976 3008 -352 ) (-6976 3008 -537.600037 ) 
4 208 228 (-6976 2048 2496 ) (-7168 2048 2496 ) (-7168 2048 208 ) (-6976 2048 208 ) 
4 208 224 (-6752 2048 208 ) (-6752 2048 2496 ) (-6976 2048 2496 ) (-6976 2048 208 ) 
4 208 209 (-7168 2048 208 ) (-7168 2336 208 ) (-6752 2336 208 ) (-6752 2048 208 ) 
4 209 228 (-6976 2048 208 ) (-7168 2048 208 ) (-7168 2048 192 ) (-6976 2048 192 ) 
4 209 224 (-6752 2048 192 ) (-6752 2048 208 ) (-6976 2048 208 ) (-6976 2048 192 ) 
4 209 217 (-6976 2048 192 ) (-7168 2048 192 ) (-7168 2336 192 ) (-6976 2336 192 ) 
4 209 215 (-6752 2336 192 ) (-6752 2048 192 ) (-6976 2048 192 ) (-6976 2336 192 ) 
4 210 211 (-6976 2912 -399.142822 ) (-6976 2912 -566.400146 ) (-6752 2912 -566.399902 ) (-6752 2912 -399.142822 ) 
4 211 213 (-6976 2432 -634.857178 ) (-6976 2432 -710.400085 ) (-6752 2432 -710.400024 ) (-6752 2432 -634.857056 ) 
4 212 214 (-6976 2432 -4.894775 ) (-6976 2432 192 ) (-6976 2912 192 ) (-6976 2912 -4.894775 ) 
4 213 216 (-6752 2336 -739.199951 ) (-6752 2336 -682 ) (-6976 2336 -682 ) (-6976 2336 -739.200073 ) 
4 214 219 (-7168 2912 64 ) (-7168 2912 -63.947495 ) (-7168 2432 -63.947510 ) (-7168 2432 64 ) 
4 215 224 (-6752 2048 64 ) (-6752 2048 192 ) (-6976 2048 192 ) (-6976 2048 64 ) 
4 215 217 (-6976 2336 192 ) (-6976 2336 64 ) (-6976 2048 64 ) (-6976 2048 192 ) 
4 216 225 (-6752 2048 -825.600098 ) (-6752 2048 -823.428528 ) (-6976 2048 -823.428528 ) (-6976 2048 -825.599976 ) 
4 217 228 (-6976 2048 192 ) (-7168 2048 192 ) (-7168 2048 64 ) (-6976 2048 64 ) 
4 218 219 (-7440 2912 64 ) (-7440 2912 -64 ) (-7248 2912 -64 ) (-7248 2912 64 ) 
4 220 224 (-6752 2048 2496 ) (-6752 2048 64 ) (-6752 1152 64 ) (-6752 1152 2496 ) 
4 220 221 (-6752 1152 2496 ) (-6752 1152 64 ) (-6144 1152 64 ) (-6144 1152 2496 ) 
4 221 229 (-6144 1024 64 ) (-6144 1024 2496 ) (-6752 1024 2496 ) (-6752 1024 64 ) 
4 221 224 (-6752 1024 64 ) (-6752 1024 2496 ) (-6752 1152 2496 ) (-6752 1152 64 ) 
4 222 230 (-6144 1024 -1864 ) (-6144 1024 -1728 ) (-6560 1024 -1728 ) (-6560 1024 -1864 ) 
4 222 223 (-6560 1152 -1864 ) (-6560 1024 -1864 ) (-6560 1024 -1728 ) (-6560 1152 -1728 ) 
4 223 231 (-6752 1024 -1232 ) (-6752 1024 -1864 ) (-6560 1024 -1864 ) (-6560 1024 -1232 ) 
4 223 227 (-6752 1024 -1368 ) (-6752 1024 -1232 ) (-6752 1152 -1232 ) (-6752 1152 -1368 ) 
4 224 232 (-6752 1024 64 ) (-6752 1024 2496 ) (-6976 1024 2496 ) (-6976 1024 64 ) 
4 224 228 (-6976 1024 64 ) (-6976 1024 2496 ) (-6976 2048 2496 ) (-6976 2048 64 ) 
4 226 227 (-6976 1216 -1232 ) (-6976 1424 -1232 ) (-6752 1424 -1232 ) (-6752 1216 -1232 ) 
4 227 233 (-6752 1024 -1368 ) (-6752 1024 -1232 ) (-6976 1024 -1232 ) (-6976 1024 -1368 ) 
4 228 232 (-6976 1024 64 ) (-6976 1024 2496 ) (-7168 1024 2496 ) (-7168 1024 64 ) 
4 229 234 (-6144 960 64 ) (-6144 960 2496 ) (-6752 960 2496 ) (-6752 960 64 ) 
4 229 232 (-6752 960 64 ) (-6752 960 2496 ) (-6752 1024 2496 ) (-6752 1024 64 ) 
4 230 231 (-6560 1024 -1864 ) (-6560 960 -1864 ) (-6560 960 -1728 ) (-6560 1024 -1728 ) 
4 231 233 (-6752 960 -1368 ) (-6752 960 -1232 ) (-6752 1024 -1232 ) (-6752 1024 -1368 ) 
4 232 234 (-7168 960 2496 ) (-7168 960 64 ) (-6752 960 64 ) (-6752 960 2496 ) 
4 234 244 (-6144 0 64 ) (-6144 0 2496 ) (-7168 0 2496 ) (-7168 0 64 ) 
4 235 237 (-5120 -192 -1864 ) (-5120 -192 2496 ) (-5120 0 2496 ) (-5120 0 -1864 ) 
4 235 236 (-4096 -192 64 ) (-4096 -192 2496 ) (-5120 -192 2496 ) (-5120 -192 64 ) 
4 236 240 (-4096 -1024 64 ) (-4096 -1024 2496 ) (-5120 -1024 2496 ) (-5120 -1024 64 ) 
4 236 239 (-5120 -1024 64 ) (-5120 -1024 2496 ) (-5120 -192 2496 ) (-5120 -192 64 ) 
4 237 239 (-5120 -192 64 ) (-5120 -192 2496 ) (-6080 -192 2496 ) (-6080 -192 64 ) 
4 237 238 (-6080 0 2496 ) (-6080 0 64 ) (-6080 -192 64 ) (-6080 -192 2496 ) 
4 238 244 (-6144 0 2496 ) (-6144 0 64 ) (-6144 -192 64 ) (-6144 -192 2496 ) 
4 238 239 (-6144 -192 2496 ) (-6144 -192 64 ) (-6080 -192 64 ) (-6080 -192 2496 ) 
4 239 245 (-6144 -1024 64 ) (-6144 -1024 2496 ) (-6144 -192 2496 ) (-6144 -192 64 ) 
4 239 241 (-6144 -1024 2496 ) (-6144 -1024 64 ) (-5120 -1024 64 ) (-5120 -1024 2496 ) 
4 240 242 (-4096 -2048 64 ) (-4096 -2048 2496 ) (-5120 -2048 2496 ) (-5120 -2048 64 ) 
4 240 241 (-5120 -1024 2496 ) (-5120 -1024 64 ) (-5120 -2048 64 ) (-5120 -2048 2496 ) 
4 241 246 (-6144 -2048 64 ) (-6144 -2048 2496 ) (-6144 -1024 2496 ) (-6144 -1024 64 ) 
4 241 243 (-5120 -2048 64 ) (-5120 -2048 2496 ) (-6144 -2048 2496 ) (-6144 -2048 64 ) 
4 242 243 (-5120 -2816 2496 ) (-5120 -2048 2496 ) (-5120 -2048 64 ) (-5120 -2816 64 ) 
4 243 247 (-6144 -2816 2496 ) (-6144 -2048 2496 ) (-6144 -2048 64 ) (-6144 -2816 64 ) 
4 244 245 (-7168 -192 2496 ) (-7168 -192 64 ) (-6144 -192 64 ) (-6144 -192 2496 ) 
4 245 246 (-6144 -1024 64 ) (-6144 -1024 2496 ) (-7168 -1024 2496 ) (-7168 -1024 64 ) 
4 246 247 (-6144 -2048 64 ) (-6144 -2048 2496 ) (-7168 -2048 2496 ) (-7168 -2048 64 ) 
