


Using shader api: shaderapiempty.dll
materialPath: C:\Program Files (x86)\Steam\steamapps\common\Half-Life 2\hl2\materials
Loading C:\Users\marpl\OneDrive\Desktop\HeapHill\HeapHill\heaphill.vmf
Could not locate 'GameData' key in c:\program files (x86)\steam\steamapps\common\half-life 2\hl2\gameinfo.txt
Patching WVT material: maps/heaphill/nature/blendrocksand005a_wvt_patch
fixing up env_cubemap materials on brush sides...
0...1...2...3...4...5...6...7...8...9...100...1...2...3...4...5...6...7...8...9...10Processing areas...done (0)
Building Faces...done (0)
FixTjuncs...
PruneNodes...
WriteBSP...
done (0)
writing C:\Users\marpl\OneDrive\Desktop\HeapHill\HeapHill\heaphill.prt...Building visibility clusters...
done (1)
Creating default LDR cubemaps for env_cubemap using skybox materials:
   skybox/sky_day01_01*.vmt
 ! Run buildcubemaps in the engine to get the correct cube maps.
Creating default HDR cubemaps for env_cubemap using skybox materials:
   skybox/sky_day01_01*.vmt
 ! Run buildcubemaps in the engine to get the correct cube maps.
Finding displacement neighbors...
Finding lightmap sample positions...
Displacement Alpha : 0...1...2...3...4...5...6...7...8...9...10
Building Physics collision data...
done (0) (2668 bytes)
Placing detail props : 0...1...2...3...4...5...6...7...8...9...10
Compacting texture/material tables...
Reduced 22 texinfos to 7
Reduced 6 texdatas to 5 (151 bytes to 126)
Writing C:\Users\marpl\OneDrive\Desktop\HeapHill\HeapHill\heaphill.bsp
1 second elapsed
